<?xml version="1.0" encoding="UTF-8"?>
<!-- Generated by org.testng.reporters.JUnitReportReporter -->
<testsuite hostname="DESKTOP-U8GE9MR" failures="0" tests="1" name="com.actitime.testscript.DemoTestNg" time="0.002" errors="0" timestamp="2023-01-12T22:42:31 IST" skipped="0">
  <testcase classname="com.actitime.testscript.DemoTestNg" name="testDemo" time="0.002"/>
  <system-out>
    <![CDATA[hi]]>
  </system-out>
</testsuite> <!-- com.actitime.testscript.DemoTestNg -->
