<?xml version="1.0" encoding="UTF-8"?>
<!-- Generated by org.testng.reporters.JUnitReportReporter -->
<testsuite hostname="DESKTOP-U8GE9MR" failures="0" tests="3" name="com.actitime.testscript.Account" time="0.003" errors="0" timestamp="2023-01-12T22:42:31 IST" skipped="0">
  <testcase classname="com.actitime.testscript.Account" name="createAccount" time="0.001"/>
  <system-out>
    <![CDATA[createAccount]]>
  </system-out>
  <testcase classname="com.actitime.testscript.Account" name="modifyAccount" time="0.001"/>
  <system-out>
    <![CDATA[modifyAccount]]>
  </system-out>
  <testcase classname="com.actitime.testscript.Account" name="deleteAccount" time="0.001"/>
  <system-out>
    <![CDATA[deleteAccount]]>
  </system-out>
</testsuite> <!-- com.actitime.testscript.Account -->
