<?xml version="1.0" encoding="UTF-8"?>
<!-- Generated by org.testng.reporters.JUnitReportReporter -->
<testsuite hostname="DESKTOP-U8GE9MR" failures="0" tests="3" name="com.actitime.testscript.Address" time="0.003" errors="0" timestamp="2023-01-12T22:42:32 IST" skipped="0">
  <testcase classname="com.actitime.testscript.Address" name="modifyAddress" time="0.001"/>
  <system-out>
    <![CDATA[modifyAddress]]>
  </system-out>
  <testcase classname="com.actitime.testscript.Address" name="createAddress" time="0.001"/>
  <system-out>
    <![CDATA[createAddress]]>
  </system-out>
  <testcase classname="com.actitime.testscript.Address" name="deleteAddress" time="0.001"/>
  <system-out>
    <![CDATA[deleteAddress]]>
  </system-out>
</testsuite> <!-- com.actitime.testscript.Address -->
