<?xml version="1.0" encoding="UTF-8"?>
<!-- Generated by org.testng.reporters.JUnitReportReporter -->
<testsuite hostname="DESKTOP-U8GE9MR" failures="0" tests="1" name="com.actitime.testscript.CustomerModule" time="22.380" errors="0" timestamp="2023-01-23T20:17:38 IST" skipped="0">
  <testcase classname="com.actitime.testscript.CustomerModule" name="testCreateCustomer" time="22.380"/>
  <system-out>
    <![CDATA[CreateCustomer]]>
  </system-out>
</testsuite> <!-- com.actitime.testscript.CustomerModule -->
