<?xml version="1.0" encoding="UTF-8"?>
<!-- Generated by org.testng.reporters.JUnitReportReporter -->
<testsuite hostname="DESKTOP-U8GE9MR" failures="0" tests="2" name="com.actitime.testscript.TaskModule" time="0.006" errors="0" timestamp="2023-01-12T22:42:32 IST" skipped="0">
  <testcase classname="com.actitime.testscript.TaskModule" name="deleteTask" time="0.003"/>
  <system-out>
    <![CDATA[deleteCustomer]]>
  </system-out>
  <testcase classname="com.actitime.testscript.TaskModule" name="createTask" time="0.003"/>
  <system-out>
    <![CDATA[createCustomer]]>
  </system-out>
</testsuite> <!-- com.actitime.testscript.TaskModule -->
