<?xml version="1.0" encoding="UTF-8"?>
<!-- Generated by org.testng.reporters.JUnitReportReporter -->
<testsuite hostname="DESKTOP-U8GE9MR" failures="0" tests="1" name="com.actitime.pom.MainMethod" time="25.462" errors="0" timestamp="2023-01-19T23:15:39 IST" skipped="0">
  <testcase classname="com.actitime.pom.MainMethod" name="validLogin" time="25.462"/>
  <system-out/>
</testsuite> <!-- com.actitime.pom.MainMethod -->
